TN:
SF:src/extension.ts
FN:12,hashFile
FN:21,execCmd
FN:27,(anonymous_2)
FN:33,(anonymous_3)
FN:39,(anonymous_4)
FN:45,(anonymous_5)
FN:49,getWorkspaceRoot
FN:55,isWindows
FN:59,pythonPathFromVenv
FN:65,activateVenvInTerminal
FN:81,pipenvExists
FN:86,getPipenvVenvPath
FN:93,ensurePipenvEnvCreated
FN:108,setWorkspaceInterpreter
FN:117,selectInterpreterFlow
FN:133,lockDeps
FN:143,syncEnv
FN:164,updateStatusBar
FN:190,setupFlow
FN:270,debounce
FN:272,(anonymous_20)
FN:274,(anonymous_21)
FN:278,activate
FN:301,(anonymous_23)
FN:318,(anonymous_24)
FN:319,(anonymous_25)
FN:375,(anonymous_26)
FN:376,(anonymous_27)
FN:379,(anonymous_28)
FN:380,(anonymous_29)
FN:386,(anonymous_30)
FN:387,(anonymous_31)
FN:393,(anonymous_32)
FN:394,(anonymous_33)
FN:400,(anonymous_34)
FN:401,(anonymous_35)
FN:425,(anonymous_36)
FN:427,(anonymous_37)
FN:438,(anonymous_38)
FN:439,(anonymous_39)
FN:465,(anonymous_40)
FN:466,(anonymous_41)
FN:501,deactivate
FNF:43
FNH:8
FNDA:6,hashFile
FNDA:0,execCmd
FNDA:0,(anonymous_2)
FNDA:0,(anonymous_3)
FNDA:0,(anonymous_4)
FNDA:0,(anonymous_5)
FNDA:0,getWorkspaceRoot
FNDA:2,isWindows
FNDA:2,pythonPathFromVenv
FNDA:2,activateVenvInTerminal
FNDA:0,pipenvExists
FNDA:0,getPipenvVenvPath
FNDA:0,ensurePipenvEnvCreated
FNDA:0,setWorkspaceInterpreter
FNDA:0,selectInterpreterFlow
FNDA:0,lockDeps
FNDA:0,syncEnv
FNDA:3,updateStatusBar
FNDA:0,setupFlow
FNDA:1,debounce
FNDA:3,(anonymous_20)
FNDA:1,(anonymous_21)
FNDA:0,activate
FNDA:0,(anonymous_23)
FNDA:0,(anonymous_24)
FNDA:0,(anonymous_25)
FNDA:0,(anonymous_26)
FNDA:0,(anonymous_27)
FNDA:0,(anonymous_28)
FNDA:0,(anonymous_29)
FNDA:0,(anonymous_30)
FNDA:0,(anonymous_31)
FNDA:0,(anonymous_32)
FNDA:0,(anonymous_33)
FNDA:0,(anonymous_34)
FNDA:0,(anonymous_35)
FNDA:0,(anonymous_36)
FNDA:0,(anonymous_37)
FNDA:0,(anonymous_38)
FNDA:0,(anonymous_39)
FNDA:0,(anonymous_40)
FNDA:0,(anonymous_41)
FNDA:0,deactivate
DA:9,1
DA:10,1
DA:13,6
DA:14,6
DA:15,6
DA:17,2
DA:27,0
DA:28,0
DA:30,0
DA:31,0
DA:33,0
DA:34,0
DA:35,0
DA:36,0
DA:39,0
DA:40,0
DA:41,0
DA:42,0
DA:45,0
DA:50,0
DA:51,0
DA:52,0
DA:56,2
DA:60,2
DA:66,2
DA:67,2
DA:68,1
DA:71,2
DA:73,2
DA:77,2
DA:78,2
DA:82,0
DA:83,0
DA:87,0
DA:88,0
DA:89,0
DA:90,0
DA:94,0
DA:95,0
DA:97,0
DA:102,0
DA:104,0
DA:105,0
DA:109,0
DA:110,0
DA:118,0
DA:119,0
DA:121,0
DA:122,0
DA:123,0
DA:124,0
DA:127,0
DA:128,0
DA:130,0
DA:134,0
DA:135,0
DA:136,0
DA:137,0
DA:139,0
DA:140,0
DA:148,0
DA:149,0
DA:150,0
DA:151,0
DA:154,0
DA:155,0
DA:156,0
DA:157,0
DA:160,0
DA:161,0
DA:169,3
DA:170,3
DA:171,3
DA:173,3
DA:175,3
DA:176,1
DA:177,1
DA:178,1
DA:181,2
DA:182,1
DA:183,1
DA:185,1
DA:186,1
DA:196,0
DA:197,0
DA:199,0
DA:201,0
DA:205,0
DA:206,0
DA:209,0
DA:210,0
DA:211,0
DA:213,0
DA:216,0
DA:217,0
DA:218,0
DA:223,0
DA:224,0
DA:225,0
DA:226,0
DA:227,0
DA:228,0
DA:229,0
DA:234,0
DA:239,0
DA:240,0
DA:241,0
DA:242,0
DA:243,0
DA:248,0
DA:253,0
DA:254,0
DA:255,0
DA:256,0
DA:261,0
DA:262,0
DA:264,0
DA:266,0
DA:272,1
DA:273,3
DA:274,3
DA:279,0
DA:280,0
DA:281,0
DA:283,0
DA:285,0
DA:289,0
DA:290,0
DA:291,0
DA:292,0
DA:294,0
DA:297,0
DA:301,0
DA:302,0
DA:303,0
DA:305,0
DA:306,0
DA:307,0
DA:310,0
DA:313,0
DA:317,0
DA:319,0
DA:320,0
DA:330,0
DA:332,0
DA:333,0
DA:334,0
DA:335,0
DA:338,0
DA:339,0
DA:340,0
DA:341,0
DA:344,0
DA:345,0
DA:346,0
DA:347,0
DA:350,0
DA:351,0
DA:356,0
DA:358,0
DA:359,0
DA:360,0
DA:363,0
DA:364,0
DA:365,0
DA:366,0
DA:367,0
DA:369,0
DA:370,0
DA:376,0
DA:380,0
DA:381,0
DA:382,0
DA:387,0
DA:388,0
DA:389,0
DA:394,0
DA:395,0
DA:396,0
DA:401,0
DA:402,0
DA:403,0
DA:404,0
DA:405,0
DA:408,0
DA:409,0
DA:415,0
DA:418,0
DA:419,0
DA:426,0
DA:427,0
DA:432,0
DA:434,0
DA:435,0
DA:436,0
DA:438,0
DA:439,0
DA:440,0
DA:447,0
DA:448,0
DA:449,0
DA:450,0
DA:453,0
DA:454,0
DA:455,0
DA:456,0
DA:457,0
DA:459,0
DA:465,0
DA:466,0
DA:467,0
DA:468,0
DA:469,0
DA:472,0
DA:473,0
DA:474,0
DA:477,0
DA:483,0
DA:485,0
DA:486,0
DA:487,0
DA:489,0
DA:494,0
DA:495,0
DA:497,0
DA:498,0
DA:503,1
LF:227
LH:32
BRDA:45,0,0,0
BRDA:45,0,1,0
BRDA:51,1,0,0
BRDA:51,1,1,0
BRDA:51,2,0,0
BRDA:51,2,1,0
BRDA:60,3,0,1
BRDA:60,3,1,1
BRDA:67,4,0,1
BRDA:67,4,1,1
BRDA:73,5,0,0
BRDA:73,5,1,2
BRDA:88,6,0,0
BRDA:88,6,1,0
BRDA:90,7,0,0
BRDA:90,7,1,0
BRDA:90,8,0,0
BRDA:90,8,1,0
BRDA:95,9,0,0
BRDA:95,9,1,0
BRDA:102,10,0,0
BRDA:102,10,1,0
BRDA:119,11,0,0
BRDA:119,11,1,0
BRDA:122,12,0,0
BRDA:122,12,1,0
BRDA:135,13,0,0
BRDA:135,13,1,0
BRDA:149,14,0,0
BRDA:149,14,1,0
BRDA:156,15,0,0
BRDA:156,15,1,0
BRDA:175,16,0,1
BRDA:175,16,1,2
BRDA:181,17,0,1
BRDA:181,17,1,1
BRDA:197,18,0,0
BRDA:197,18,1,0
BRDA:216,19,0,0
BRDA:216,19,1,0
BRDA:217,20,0,0
BRDA:217,20,1,0
BRDA:223,21,0,0
BRDA:223,21,1,0
BRDA:225,22,0,0
BRDA:225,22,1,0
BRDA:227,23,0,0
BRDA:227,23,1,0
BRDA:239,24,0,0
BRDA:239,24,1,0
BRDA:241,25,0,0
BRDA:241,25,1,0
BRDA:253,26,0,0
BRDA:253,26,1,0
BRDA:255,27,0,0
BRDA:255,27,1,0
BRDA:262,28,0,0
BRDA:262,28,1,0
BRDA:262,29,0,0
BRDA:262,29,1,0
BRDA:273,30,0,2
BRDA:273,30,1,1
BRDA:283,31,0,0
BRDA:283,31,1,0
BRDA:306,32,0,0
BRDA:306,32,1,0
BRDA:330,33,0,0
BRDA:330,33,1,0
BRDA:332,34,0,0
BRDA:332,34,1,0
BRDA:338,35,0,0
BRDA:338,35,1,0
BRDA:340,36,0,0
BRDA:340,36,1,0
BRDA:344,37,0,0
BRDA:344,37,1,0
BRDA:346,38,0,0
BRDA:346,38,1,0
BRDA:350,39,0,0
BRDA:350,39,1,0
BRDA:356,40,0,0
BRDA:356,40,1,0
BRDA:363,41,0,0
BRDA:363,41,1,0
BRDA:365,42,0,0
BRDA:365,42,1,0
BRDA:382,43,0,0
BRDA:382,43,1,0
BRDA:389,44,0,0
BRDA:389,44,1,0
BRDA:403,45,0,0
BRDA:403,45,1,0
BRDA:418,46,0,0
BRDA:418,46,1,0
BRDA:426,47,0,0
BRDA:426,47,1,0
BRDA:432,48,0,0
BRDA:432,48,1,0
BRDA:447,49,0,0
BRDA:447,49,1,0
BRDA:449,50,0,0
BRDA:449,50,1,0
BRDA:453,51,0,0
BRDA:453,51,1,0
BRDA:455,52,0,0
BRDA:455,52,1,0
BRDA:457,53,0,0
BRDA:457,53,1,0
BRDA:472,54,0,0
BRDA:472,54,1,0
BRDA:472,55,0,0
BRDA:472,55,1,0
BRDA:485,56,0,0
BRDA:485,56,1,0
BRDA:487,57,0,0
BRDA:487,57,1,0
BRF:116
BRH:11
end_of_record
